<?xml version="1.0" encoding="UTF-8"?>
<!-- Generated by org.testng.reporters.JUnitReportReporter -->
<testsuite skipped="0" hostname="ZCTAYAKHA002" name="validation.ValidateSAPhoneNumberTest" tests="5" failures="0" timestamp="19 Feb 2020 13:26:44 GMT" time="0.021" errors="0">
  <testcase name="verifyValidSAPhoneNumber" time="0.016" classname="validation.ValidateSAPhoneNumberTest"/>
  <testcase name="verifyNonSAPhoneNumber" time="0.003" classname="validation.ValidateSAPhoneNumberTest"/>
  <testcase name="verifyInvalidSAPhoneNumberWithSpaces" time="0.000" classname="validation.ValidateSAPhoneNumberTest"/>
  <testcase name="verifyinvalidSAPhoneNumberWithMoreThanTesnDigits" time="0.001" classname="validation.ValidateSAPhoneNumberTest"/>
  <testcase name="verifyInvalidSAPhoneNumberCharacters" time="0.001" classname="validation.ValidateSAPhoneNumberTest"/>
</testsuite> <!-- validation.ValidateSAPhoneNumberTest -->
